2021-05-04 00:15:04,816 - instabot version: 0.117.0 (bot) - INFO - Instabot version: 0.117.0 Started
2021-05-04 00:15:04,816 - instabot version: 0.117.0 (bot) - DEBUG - Bot imported from C:\Users\Rodrigo\AppData\Local\Temp\_MEI135922\instabot\bot\bot.pyc
2021-05-04 00:15:04,816 - instabot version: 0.117.0 (api_login) - INFO - Not yet logged in starting: PRE-LOGIN FLOW!
2021-05-04 00:15:05,051 - instabot version: 0.117.0 (api) - DEBUG - POST to endpoint: accounts/get_prefill_candidates/ returned response: <Response [200]>
2021-05-04 00:15:05,260 - instabot version: 0.117.0 (api) - DEBUG - POST to endpoint: qe/sync/ returned response: <Response [200]>
2021-05-04 00:15:05,625 - instabot version: 0.117.0 (api) - DEBUG - POST to endpoint: launcher/sync/ returned response: <Response [200]>
2021-05-04 00:15:05,853 - instabot version: 0.117.0 (api) - DEBUG - POST to endpoint: accounts/contact_point_prefill/ returned response: <Response [200]>
2021-05-04 00:15:07,342 - instabot version: 0.117.0 (api) - DEBUG - POST to endpoint: accounts/login/ returned response: <Response [200]>
2021-05-04 00:15:07,342 - instabot version: 0.117.0 (api) - INFO - Logged-in successfully as 'amor3.m1o'!
2021-05-04 00:15:07,342 - instabot version: 0.117.0 (api_login) - INFO - LOGIN FLOW! Just logged-in: True
2021-05-04 00:15:07,561 - instabot version: 0.117.0 (api) - DEBUG - POST to endpoint: qe/sync/ returned response: <Response [200]>
2021-05-04 00:15:07,810 - instabot version: 0.117.0 (api) - DEBUG - POST to endpoint: launcher/sync/ returned response: <Response [200]>
2021-05-04 00:15:08,038 - instabot version: 0.117.0 (api) - DEBUG - GET to endpoint: zr/token/result/?device_id=android-19816a0b3766b833&token_hash=&custom_device_id=android-19816a0b3766b833&fetch_reason=token_expired returned response: <Response [200]>
2021-05-04 00:15:08,249 - instabot version: 0.117.0 (api) - DEBUG - GET to endpoint: multiple_accounts/get_account_family/ returned response: <Response [200]>
2021-05-04 00:15:08,465 - instabot version: 0.117.0 (api) - DEBUG - POST to endpoint: qe/sync/ returned response: <Response [200]>
2021-05-04 00:15:09,231 - instabot version: 0.117.0 (api) - DEBUG - GET to endpoint: igtv/browse_feed/?prefetch=1 returned response: <Response [200]>
2021-05-04 00:15:09,474 - instabot version: 0.117.0 (api) - DEBUG - POST to endpoint: creatives/ar_class/ returned response: <Response [200]>
2021-05-04 00:15:10,761 - instabot version: 0.117.0 (api) - DEBUG - POST to endpoint: feed/reels_tray/ returned response: <Response [200]>
2021-05-04 00:15:12,440 - instabot version: 0.117.0 (api) - DEBUG - POST to endpoint: feed/timeline/ returned response: <Response [200]>
2021-05-04 00:15:12,658 - instabot version: 0.117.0 (api) - DEBUG - GET to endpoint: media/blocked/ returned response: <Response [200]>
2021-05-04 00:15:13,618 - instabot version: 0.117.0 (api) - DEBUG - GET to endpoint: news/inbox/ returned response: <Response [200]>
2021-05-04 00:15:13,857 - instabot version: 0.117.0 (api) - DEBUG - GET to endpoint: loom/fetch_config/ returned response: <Response [200]>
2021-05-04 00:15:16,754 - instabot version: 0.117.0 (api) - DEBUG - GET to endpoint: scores/bootstrap/users/?surfaces=["autocomplete_user_list","coefficient_besties_list_ranking","coefficient_rank_recipient_user_suggestion","coefficient_ios_section_test_bootstrap_ranking","coefficient_direct_recipients_ranking_variant_2"] returned response: <Response [200]>
2021-05-04 00:15:16,995 - instabot version: 0.117.0 (api) - DEBUG - GET to endpoint: business/eligibility/get_monetization_products_eligibility_data/?product_types=branded_content returned response: <Response [200]>
2021-05-04 00:15:17,236 - instabot version: 0.117.0 (api) - DEBUG - GET to endpoint: business/branded_content/should_require_professional_account/ returned response: <Response [200]>
2021-05-04 00:15:17,562 - instabot version: 0.117.0 (api) - DEBUG - GET to endpoint: linked_accounts/get_linkage_status/ returned response: <Response [200]>
2021-05-04 00:15:17,773 - instabot version: 0.117.0 (api) - DEBUG - GET to endpoint: locations/request_country/ returned response: <Response [200]>
2021-05-04 00:15:17,979 - instabot version: 0.117.0 (api) - DEBUG - GET to endpoint: qp/get_cooldowns/?signed_body=signed_body=4b9c516a5410a3bc128e09c6104a7f042146b9c2023870560c63a43a7f66781c.4&ig_sig_key_version=4&ig_sig_key_version=4 returned response: <Response [200]>
2021-05-04 00:15:18,201 - instabot version: 0.117.0 (api) - DEBUG - GET to endpoint: users/arlink_download_info/?version_override=2.2.1 returned response: <Response [200]>
2021-05-04 00:15:18,533 - instabot version: 0.117.0 (api) - DEBUG - GET to endpoint: users/46739208877/info/ returned response: <Response [200]>
2021-05-04 00:15:18,795 - instabot version: 0.117.0 (api) - DEBUG - GET to endpoint: direct_v2/get_presence/ returned response: <Response [200]>
2021-05-04 00:15:19,065 - instabot version: 0.117.0 (api) - DEBUG - GET to endpoint: direct_v2/inbox/?visual_message_return_type=unseen&thread_message_limit=10&persistentBadging=true&limit=20 returned response: <Response [200]>
2021-05-04 00:15:19,350 - instabot version: 0.117.0 (api) - DEBUG - GET to endpoint: direct_v2/inbox/?visual_message_return_type=unseen&persistentBadging=true&limit=0 returned response: <Response [200]>
2021-05-04 00:15:20,749 - instabot version: 0.117.0 (api) - DEBUG - GET to endpoint: discover/topical_explore/?is_prefetch=true&omit_cover_media=true&use_sectional_payload=true&timezone_offset=0&session_id=290c560e-a1a5-420a-b4cd-5a82034b55d8&include_fixed_destinations=true returned response: <Response [200]>
2021-05-04 00:15:20,965 - instabot version: 0.117.0 (api) - DEBUG - POST to endpoint: notifications/badge/ returned response: <Response [200]>
2021-05-04 00:15:21,566 - instabot version: 0.117.0 (api) - DEBUG - POST to endpoint: qp/batch_fetch/ returned response: <Response [200]>
2021-05-04 00:15:21,567 - instabot version: 0.117.0 (bot_checkpoint) - DEBUG - Loading Checkpoint file from: C:\Users\Rodrigo\source\repos\Otimizado\_WithBrainWithMoney\WithBrainWithMoney\bin\Debug/config/amor3.m1o.checkpoint
2021-05-04 00:15:42,478 - instabot version: 0.117.0 (api) - DEBUG - POST to endpoint: media/configure/? returned response: <Response [200]>
2021-05-04 00:15:42,694 - instabot version: 0.117.0 (api) - DEBUG - POST to endpoint: qe/expose/ returned response: <Response [200]>
2021-05-04 00:15:42,737 - instabot version: 0.117.0 (bot_photo) - INFO - Photo 'X:\Users\Rodrigo\Pictures\amor3.m1o\04052021.jpeg' is uploaded.
2021-05-04 00:15:42,737 - instabot version: 0.117.0 (bot_checkpoint) - DEBUG - Saving Checkpoint file to: C:\Users\Rodrigo\source\repos\Otimizado\_WithBrainWithMoney\WithBrainWithMoney\bin\Debug/config/amor3.m1o.checkpoint
2021-05-04 00:15:42,738 - instabot version: 0.117.0 (bot) - INFO - Total requests: 33
